<?xml version="1.0" encoding="UTF-8"?>
<testsuite name="com.guide.touristrepository.repository.ReviewRepositoryTest" tests="1" skipped="0" failures="0" errors="0" timestamp="2025-01-26T22:11:54" hostname="MacBook-Air-Computer.local" time="0.581">
  <properties/>
  <testcase name="testSaveAndFindReview()" classname="com.guide.touristrepository.repository.ReviewRepositoryTest" time="0.581"/>
  <system-out><![CDATA[
  .   ____          _            __ _ _
 /\\ / ___'_ __ _ _(_)_ __  __ _ \ \ \ \
( ( )\___ | '_ | '_| | '_ \/ _` | \ \ \ \
 \\/  ___)| |_)| | | | | || (_| |  ) ) ) )
  '  |____| .__|_| |_|_| |_\__, | / / / /
 =========|_|==============|___/=/_/_/_/
 :: Spring Boot ::                (v3.1.4)

2025-01-26T23:11:52.477+01:00  INFO 88194 --- [    Test worker] c.g.t.repository.ReviewRepositoryTest    : Starting ReviewRepositoryTest using Java 17.0.13 with PID 88194 (started by computer in /Users/computer/Desktop/TouristGuide/tourist-repository)
2025-01-26T23:11:52.479+01:00  INFO 88194 --- [    Test worker] c.g.t.repository.ReviewRepositoryTest    : No active profile set, falling back to 1 default profile: "default"
2025-01-26T23:11:52.713+01:00  INFO 88194 --- [    Test worker] .s.d.r.c.RepositoryConfigurationDelegate : Bootstrapping Spring Data JPA repositories in DEFAULT mode.
2025-01-26T23:11:52.754+01:00  INFO 88194 --- [    Test worker] .s.d.r.c.RepositoryConfigurationDelegate : Finished Spring Data repository scanning in 35 ms. Found 5 JPA repository interfaces.
2025-01-26T23:11:52.826+01:00  INFO 88194 --- [    Test worker] beddedDataSourceBeanFactoryPostProcessor : Replacing 'dataSource' DataSource bean with embedded version
2025-01-26T23:11:52.919+01:00  INFO 88194 --- [    Test worker] o.s.j.d.e.EmbeddedDatabaseFactory        : Starting embedded database: url='jdbc:h2:mem:57688b3e-749c-451a-a7a0-a521e2fe6829;DB_CLOSE_DELAY=-1;DB_CLOSE_ON_EXIT=false', username='sa'
2025-01-26T23:11:53.232+01:00  INFO 88194 --- [    Test worker] o.hibernate.jpa.internal.util.LogHelper  : HHH000204: Processing PersistenceUnitInfo [name: default]
2025-01-26T23:11:53.320+01:00  INFO 88194 --- [    Test worker] org.hibernate.Version                    : HHH000412: Hibernate ORM core version 6.2.9.Final
2025-01-26T23:11:53.322+01:00  INFO 88194 --- [    Test worker] org.hibernate.cfg.Environment            : HHH000406: Using bytecode reflection optimizer
2025-01-26T23:11:53.423+01:00  INFO 88194 --- [    Test worker] o.h.b.i.BytecodeProviderInitiator        : HHH000021: Bytecode provider name : bytebuddy
2025-01-26T23:11:53.523+01:00  INFO 88194 --- [    Test worker] o.s.o.j.p.SpringPersistenceUnitInfo      : No LoadTimeWeaver setup: ignoring JPA class transformer
2025-01-26T23:11:53.733+01:00  INFO 88194 --- [    Test worker] o.h.b.i.BytecodeProviderInitiator        : HHH000021: Bytecode provider name : bytebuddy
2025-01-26T23:11:54.322+01:00  INFO 88194 --- [    Test worker] o.h.e.t.j.p.i.JtaPlatformInitiator       : HHH000490: Using JtaPlatform implementation: [org.hibernate.engine.transaction.jta.platform.internal.NoJtaPlatform]
Hibernate: drop table if exists attractions cascade 
Hibernate: drop table if exists destinations cascade 
Hibernate: drop table if exists reviews cascade 
Hibernate: drop table if exists roles cascade 
Hibernate: drop table if exists user_roles cascade 
Hibernate: drop table if exists users cascade 
Hibernate: create table attractions (lat float(53) not null, lng float(53) not null, price float(53) not null, reviews_average float(53) not null, reviews_total integer not null, destination_id bigint, id bigint generated by default as identity, description varchar(2000), booking_product_id varchar(255), currency varchar(255), name varchar(255), photo_url varchar(255), slug varchar(255), primary key (id))
Hibernate: create table destinations (product_count integer not null, id bigint generated by default as identity, ufi bigint not null, booking_id_base64 varchar(255), city_name varchar(255), country varchar(255), primary key (id))
Hibernate: create table reviews (rating integer not null check ((rating<=5) and (rating>=1)), attraction_id bigint, id bigint generated by default as identity, user_id bigint, comment varchar(1000), primary key (id))
Hibernate: create table roles (id bigint generated by default as identity, name varchar(255) not null unique, primary key (id))
Hibernate: create table user_roles (role_id bigint not null, user_id bigint not null, primary key (role_id, user_id))
Hibernate: create table users (id bigint generated by default as identity, password varchar(255), username varchar(255) unique, primary key (id))
Hibernate: alter table if exists attractions add constraint FK8ftru0x7ao5mding49cf84w9o foreign key (destination_id) references destinations
Hibernate: alter table if exists reviews add constraint FKl8wjoj6yaql4f1jncvhcmitr7 foreign key (attraction_id) references attractions
Hibernate: alter table if exists reviews add constraint FKcgy7qjc1r99dp117y9en6lxye foreign key (user_id) references users
Hibernate: alter table if exists user_roles add constraint FKh8ciramu9cc9q3qcqiv4ue8a6 foreign key (role_id) references roles
Hibernate: alter table if exists user_roles add constraint FKhfh9dx7w3ubf1co1vdev94g3f foreign key (user_id) references users
2025-01-26T23:11:54.365+01:00  INFO 88194 --- [    Test worker] j.LocalContainerEntityManagerFactoryBean : Initialized JPA EntityManagerFactory for persistence unit 'default'
2025-01-26T23:11:54.541+01:00  WARN 88194 --- [    Test worker] ocalVariableTableParameterNameDiscoverer : Using deprecated '-debug' fallback for parameter name resolution. Compile the affected code with '-parameters' instead or avoid its introspection: com.guide.touristrepository.repository.DestinationRepository
2025-01-26T23:11:54.632+01:00  WARN 88194 --- [    Test worker] ocalVariableTableParameterNameDiscoverer : Using deprecated '-debug' fallback for parameter name resolution. Compile the affected code with '-parameters' instead or avoid its introspection: com.guide.touristrepository.repository.RoleRepository
2025-01-26T23:11:54.651+01:00  WARN 88194 --- [    Test worker] ocalVariableTableParameterNameDiscoverer : Using deprecated '-debug' fallback for parameter name resolution. Compile the affected code with '-parameters' instead or avoid its introspection: com.guide.touristrepository.repository.UserRepository
2025-01-26T23:11:54.670+01:00  INFO 88194 --- [    Test worker] o.s.d.j.r.query.QueryEnhancerFactory     : Hibernate is in classpath; If applicable, HQL parser will be used.
2025-01-26T23:11:54.957+01:00  INFO 88194 --- [    Test worker] c.g.t.repository.ReviewRepositoryTest    : Started ReviewRepositoryTest in 2.75 seconds (process running for 3.903)
Hibernate: select r1_0.id,r1_0.attraction_id,r1_0.comment,r1_0.rating,r1_0.user_id from reviews r1_0
Hibernate: select a1_0.id,a1_0.booking_product_id,a1_0.currency,a1_0.description,a1_0.destination_id,a1_0.lat,a1_0.lng,a1_0.name,a1_0.photo_url,a1_0.price,a1_0.reviews_average,a1_0.reviews_total,a1_0.slug from attractions a1_0
Hibernate: select d1_0.id,d1_0.booking_id_base64,d1_0.city_name,d1_0.country,d1_0.product_count,d1_0.ufi from destinations d1_0
Hibernate: select u1_0.id,u1_0.password,u1_0.username from users u1_0
Hibernate: insert into destinations (booking_id_base64,city_name,country,product_count,ufi,id) values (?,?,?,?,?,default)
Hibernate: insert into attractions (booking_product_id,currency,description,destination_id,lat,lng,name,photo_url,price,reviews_average,reviews_total,slug,id) values (?,?,?,?,?,?,?,?,?,?,?,?,default)
Hibernate: insert into users (password,username,id) values (?,?,default)
Hibernate: insert into reviews (attraction_id,comment,rating,user_id,id) values (?,?,?,?,default)
Hibernate: select r1_0.id,r1_0.attraction_id,r1_0.comment,r1_0.rating,r1_0.user_id from reviews r1_0
]]></system-out>
  <system-err><![CDATA[]]></system-err>
</testsuite>
