<?xml version="1.0" encoding="UTF-8"?>
<testsuite name="com.guide.touristmodel.entity.DestinationTest" tests="2" skipped="0" failures="0" errors="0" timestamp="2025-01-26T21:54:54" hostname="MacBook-Air-Computer.local" time="0.086">
  <properties/>
  <testcase name="testGettersAndSetters()" classname="com.guide.touristmodel.entity.DestinationTest" time="0.075"/>
  <testcase name="testAttractionsList()" classname="com.guide.touristmodel.entity.DestinationTest" time="0.009"/>
  <system-out><![CDATA[]]></system-out>
  <system-err><![CDATA[]]></system-err>
</testsuite>
